{"/Users/matt.morgan/mine/cdk-step/lib/cdk-step-stack.ts": {"path":"/Users/matt.morgan/mine/cdk-step/lib/cdk-step-stack.ts","statementMap":{"0":{"start":{"line":1,"column":0},"end":{"line":1,"column":67}},"1":{"start":{"line":2,"column":0},"end":{"line":2,"column":96}},"2":{"start":{"line":3,"column":0},"end":{"line":3,"column":66}},"3":{"start":{"line":4,"column":0},"end":{"line":4,"column":61}},"4":{"start":{"line":8,"column":4},"end":{"line":8,"column":28}},"5":{"start":{"line":10,"column":29},"end":{"line":14,"column":6}},"6":{"start":{"line":16,"column":28},"end":{"line":20,"column":6}},"7":{"start":{"line":22,"column":31},"end":{"line":26,"column":6}},"8":{"start":{"line":28,"column":27},"end":{"line":32,"column":6}},"9":{"start":{"line":34,"column":29},"end":{"line":38,"column":6}},"10":{"start":{"line":40,"column":23},"end":{"line":42,"column":6}},"11":{"start":{"line":44,"column":22},"end":{"line":46,"column":6}},"12":{"start":{"line":48,"column":25},"end":{"line":50,"column":6}},"13":{"start":{"line":52,"column":21},"end":{"line":54,"column":6}},"14":{"start":{"line":56,"column":23},"end":{"line":58,"column":6}},"15":{"start":{"line":60,"column":22},"end":{"line":62,"column":6}},"16":{"start":{"line":64,"column":23},"end":{"line":64,"column":59}},"17":{"start":{"line":66,"column":18},"end":{"line":72,"column":null}},"18":{"start":{"line":75,"column":4},"end":{"line":77,"column":7}},"19":{"start":{"line":6,"column":0},"end":{"line":6,"column":13}}},"fnMap":{"0":{"name":"(anonymous_0)","decl":{"start":{"line":7,"column":2},"end":{"line":7,"column":14}},"loc":{"start":{"line":7,"column":62},"end":{"line":78,"column":3}}}},"branchMap":{},"s":{"0":1,"1":1,"2":1,"3":1,"4":1,"5":1,"6":1,"7":1,"8":1,"9":1,"10":1,"11":1,"12":1,"13":1,"14":1,"15":1,"16":1,"17":1,"18":1,"19":1},"f":{"0":1},"b":{}}
}
